{
  "0 debug pnpm:scope": {
    "selected": 1
  },
  "1 error pnpm": {
    "errno": 1,
    "code": "ELIFECYCLE",
    "pkgid": "chapadao-dinis@0.0.1",
    "stage": "dev",
    "script": "svelte-kit dev",
    "pkgname": "chapadao-dinis",
    "err": {
      "name": "pnpm",
      "message": "chapadao-dinis@0.0.1 dev: `svelte-kit dev`\nExit status 1",
      "code": "ELIFECYCLE",
      "stack": "pnpm: chapadao-dinis@0.0.1 dev: `svelte-kit dev`\nExit status 1\n    at EventEmitter.<anonymous> (C:\\Users\\hugot\\AppData\\Roaming\\npm\\node_modules\\pnpm\\dist\\pnpm.cjs:105392:20)\n    at EventEmitter.emit (node:events:394:28)\n    at ChildProcess.<anonymous> (C:\\Users\\hugot\\AppData\\Roaming\\npm\\node_modules\\pnpm\\dist\\pnpm.cjs:91979:18)\n    at ChildProcess.emit (node:events:394:28)\n    at maybeClose (node:internal/child_process:1067:16)\n    at Process.ChildProcess._handle.onexit (node:internal/child_process:301:5)"
    }
  },
  "2 warn pnpm:global": " Local package.json exists, but node_modules missing, did you mean to install?"
}